Index: 001 | Title: 序章 我獨自升級 | URL: https://twmanga.com/comic/chapter/woduzishengji-duburedicestudio_yfelsj/0_0.html
Index: 002 | Title: 第1話 最弱獵人 | URL: https://www.twmanga.com/comic/chapter/woduzishengji-duburedicestudio_yfelsj/0_0_2.html
Index: 003 | Title: 第2話 雙重地下城 | URL: https://www.twmanga.com/comic/chapter/woduzishengji-duburedicestudio_yfelsj/0_0.html#bottom
Index: 004 | Title: 第3話 石像 | URL: https://twmanga.com/comic/chapter/woduzishengji-duburedicestudio_yfelsj/0_3.html
Index: 005 | Title: 第4話 “神” | URL: https://twmanga.com/comic/chapter/woduzishengji-duburedicestudio_yfelsj/0_4.html
Index: 006 | Title: 第5話 地下城的規則 | URL: https://twmanga.com/comic/chapter/woduzishengji-duburedicestudio_yfelsj/0_5.html
Index: 007 | Title: 第6話 恐懼 | URL: https://twmanga.com/comic/chapter/woduzishengji-duburedicestudio_yfelsj/0_6.html
Index: 008 | Title: 第7話 生和死的線 | URL: https://twmanga.com/comic/chapter/woduzishengji-duburedicestudio_yfelsj/0_7.html
Index: 009 | Title: 第8話 生命的祭壇 | URL: https://twmanga.com/comic/chapter/woduzishengji-duburedicestudio_yfelsj/0_8.html
Index: 010 | Title: 第9話 出口打開了 | URL: https://twmanga.com/comic/chapter/woduzishengji-duburedicestudio_yfelsj/0_9.html
Index: 011 | Title: 第10話 成爲【玩家】 | URL: https://twmanga.com/comic/chapter/woduzishengji-duburedicestudio_yfelsj/0_10.html
Index: 012 | Title: 第11話 系統懲罰 | URL: https://twmanga.com/comic/chapter/woduzishengji-duburedicestudio_yfelsj/0_11.html
Index: 013 | Title: 第12話 弱者的二次覺醒 | URL: https://twmanga.com/comic/chapter/woduzishengji-duburedicestudio_yfelsj/0_12.html
Index: 014 | Title: 第13話 單人solo狼人 | URL: https://twmanga.com/comic/chapter/woduzishengji-duburedicestudio_yfelsj/0_13.html
Index: 015 | Title: 第14話 屠狼者 | URL: https://twmanga.com/comic/chapter/woduzishengji-duburedicestudio_yfelsj/0_14.html
Index: 016 | Title: 第15話 地下的王 | URL: https://twmanga.com/comic/chapter/woduzishengji-duburedicestudio_yfelsj/0_15.html
Index: 017 | Title: 第16話 消滅卡薩卡！ | URL: https://twmanga.com/comic/chapter/woduzishengji-duburedicestudio_yfelsj/0_16.html
Index: 018 | Title: 第17話 一擊！ | URL: https://twmanga.com/comic/chapter/woduzishengji-duburedicestudio_yfelsj/0_17.html
Index: 019 | Title: 第18話 小隊！出發！ | URL: https://twmanga.com/comic/chapter/woduzishengji-duburedicestudio_yfelsj/0_18.html
Index: 020 | Title: 第19話 不祥預感 | URL: https://twmanga.com/comic/chapter/woduzishengji-duburedicestudio_yfelsj/0_19.html
Index: 021 | Title: 第20話 隊友的背叛 | URL: https://twmanga.com/comic/chapter/woduzishengji-duburedicestudio_yfelsj/0_20.html
Index: 022 | Title: 第21話 真正的獵殺 | URL: https://twmanga.com/comic/chapter/woduzishengji-duburedicestudio_yfelsj/0_21.html
Index: 023 | Title: 第22話 擊殺！ | URL: https://twmanga.com/comic/chapter/woduzishengji-duburedicestudio_yfelsj/0_22.html
Index: 024 | Title: 第23話 緊急任務 | URL: https://twmanga.com/comic/chapter/woduzishengji-duburedicestudio_yfelsj/0_23.html
Index: 025 | Title: 第24話 一直升級！ | URL: https://twmanga.com/comic/chapter/woduzishengji-duburedicestudio_yfelsj/0_24.html
Index: 026 | Title: 第25話 好處！ | URL: https://twmanga.com/comic/chapter/woduzishengji-duburedicestudio_yfelsj/0_25.html
Index: 027 | Title: 第26話 惡魔城的鑰匙 | URL: https://twmanga.com/comic/chapter/woduzishengji-duburedicestudio_yfelsj/0_26.html
Index: 028 | Title: 第27話 地獄的守門犬 | URL: https://twmanga.com/comic/chapter/woduzishengji-duburedicestudio_yfelsj/0_27.html
Index: 029 | Title: 第28話 獵人姜浩天 | URL: https://twmanga.com/comic/chapter/woduzishengji-duburedicestudio_yfelsj/0_28.html
Index: 030 | Title: 第29話 人和魔獸 | URL: https://twmanga.com/comic/chapter/woduzishengji-duburedicestudio_yfelsj/0_29.html
Index: 031 | Title: 第30話 殺的慾望 | URL: https://twmanga.com/comic/chapter/woduzishengji-duburedicestudio_yfelsj/0_30.html
Index: 032 | Title: 第31話 二次覺醒者？ | URL: https://twmanga.com/comic/chapter/woduzishengji-duburedicestudio_yfelsj/0_31.html
Index: 033 | Title: 第32話 系統任務：消滅敵人 | URL: https://twmanga.com/comic/chapter/woduzishengji-duburedicestudio_yfelsj/0_32.html
Index: 034 | Title: 第33話 殺氣技能 | URL: https://twmanga.com/comic/chapter/woduzishengji-duburedicestudio_yfelsj/0_33.html
Index: 035 | Title: 第34話 和黑暗一樣強大 | URL: https://twmanga.com/comic/chapter/woduzishengji-duburedicestudio_yfelsj/0_34.html
Index: 036 | Title: 第35話 待遇優厚的組團 | URL: https://twmanga.com/comic/chapter/woduzishengji-duburedicestudio_yfelsj/0_35.html
Index: 037 | Title: 第36話 轉職任務？ | URL: https://twmanga.com/comic/chapter/woduzishengji-duburedicestudio_yfelsj/0_36.html
Index: 038 | Title: 第37話 轉職遊戲 | URL: https://twmanga.com/comic/chapter/woduzishengji-duburedicestudio_yfelsj/0_37.html
Index: 039 | Title: 第38話 陰森氣息 | URL: https://twmanga.com/comic/chapter/woduzishengji-duburedicestudio_yfelsj/0_38.html
Index: 040 | Title: 第39話 守護王座的騎士 | URL: https://twmanga.com/comic/chapter/woduzishengji-duburedicestudio_yfelsj/0_39.html
Index: 041 | Title: 第40話 只能活一個！ | URL: https://twmanga.com/comic/chapter/woduzishengji-duburedicestudio_yfelsj/0_40.html
Index: 042 | Title: 第41話 渴望 | URL: https://twmanga.com/comic/chapter/woduzishengji-duburedicestudio_yfelsj/0_41.html
Index: 043 | Title: 第42話 幸運 | URL: https://twmanga.com/comic/chapter/woduzishengji-duburedicestudio_yfelsj/0_42.html
Index: 044 | Title: 第43話 魔法師 | URL: https://twmanga.com/comic/chapter/woduzishengji-duburedicestudio_yfelsj/0_43.html
Index: 045 | Title: 第44話 測試之房 | URL: https://twmanga.com/comic/chapter/woduzishengji-duburedicestudio_yfelsj/0_44.html
Index: 046 | Title: 第45話 君王誕生！ | URL: https://twmanga.com/comic/chapter/woduzishengji-duburedicestudio_yfelsj/0_45.html
Index: 047 | Title: 第46話 妹妹的同學 | URL: https://twmanga.com/comic/chapter/woduzishengji-duburedicestudio_yfelsj/0_46.html
Index: 048 | Title: 第47話 紅色傳送口 | URL: https://twmanga.com/comic/chapter/woduzishengji-duburedicestudio_yfelsj/0_47.html
Index: 049 | Title: 第48話 雪地白鬼 | URL: https://twmanga.com/comic/chapter/woduzishengji-duburedicestudio_yfelsj/0_48.html
Index: 050 | Title: 第49話 誰是累贅 | URL: https://twmanga.com/comic/chapter/woduzishengji-duburedicestudio_yfelsj/0_49.html
Index: 051 | Title: 第50話 亡靈軍團 | URL: https://twmanga.com/comic/chapter/woduzishengji-duburedicestudio_yfelsj/0_50.html
Index: 052 | Title: 第51話 魔獸士兵 | URL: https://twmanga.com/comic/chapter/woduzishengji-duburedicestudio_yfelsj/0_51.html
Index: 053 | Title: 第52話 誰是廢物 | URL: https://twmanga.com/comic/chapter/woduzishengji-duburedicestudio_yfelsj/0_52.html
Index: 054 | Title: 第53話 盡在掌握 | URL: https://twmanga.com/comic/chapter/woduzishengji-duburedicestudio_yfelsj/0_53.html
Index: 055 | Title: 第54話 王者艾恩 | URL: https://twmanga.com/comic/chapter/woduzishengji-duburedicestudio_yfelsj/0_54.html
Index: 056 | Title: 第55話 威脅我？ | URL: https://twmanga.com/comic/chapter/woduzishengji-duburedicestudio_yfelsj/0_55.html
Index: 057 | Title: 第56話 人型魔獸？ | URL: https://twmanga.com/comic/chapter/woduzishengji-duburedicestudio_yfelsj/0_56.html
Index: 058 | Title: 第57話 惡魔城 | URL: https://twmanga.com/comic/chapter/woduzishengji-duburedicestudio_yfelsj/0_57.html
Index: 059 | Title: 第58話 火神 | URL: https://twmanga.com/comic/chapter/woduzishengji-duburedicestudio_yfelsj/0_58.html
Index: 060 | Title: 第59話 火神之死 | URL: https://twmanga.com/comic/chapter/woduzishengji-duburedicestudio_yfelsj/0_59.html
Index: 061 | Title: 第60話 活死人之戰 | URL: https://twmanga.com/comic/chapter/woduzishengji-duburedicestudio_yfelsj/0_60.html
Index: 062 | Title: 第61話 被詛咒的隨機盒子 | URL: https://twmanga.com/comic/chapter/woduzishengji-duburedicestudio_yfelsj/0_61.html
Index: 063 | Title: 第62話  他是S級？！ | URL: https://twmanga.com/comic/chapter/woduzishengji-duburedicestudio_yfelsj/0_62.html
Index: 064 | Title: 第63話 高處 | URL: https://twmanga.com/comic/chapter/woduzishengji-duburedicestudio_yfelsj/0_63.html
Index: 065 | Title: 第64話 獵人的去處 | URL: https://twmanga.com/comic/chapter/woduzishengji-duburedicestudio_yfelsj/0_64.html
Index: 066 | Title: 第65話 S級礦工 | URL: https://twmanga.com/comic/chapter/woduzishengji-duburedicestudio_yfelsj/0_65.html
Index: 067 | Title: 第66話 錯覺嗎？ | URL: https://twmanga.com/comic/chapter/woduzishengji-duburedicestudio_yfelsj/0_66.html
Index: 068 | Title: 第67話 味道 | URL: https://twmanga.com/comic/chapter/woduzishengji-duburedicestudio_yfelsj/0_67.html
Index: 069 | Title: 第68話 好聞味道的獵人 | URL: https://twmanga.com/comic/chapter/woduzishengji-duburedicestudio_yfelsj/0_68.html
Index: 070 | Title: 第69話 巨型獸人 | URL: https://twmanga.com/comic/chapter/woduzishengji-duburedicestudio_yfelsj/0_69.html
Index: 071 | Title: 第70話 詛咒結界！ | URL: https://twmanga.com/comic/chapter/woduzishengji-duburedicestudio_yfelsj/0_70.html
Index: 072 | Title: 第71話 獸人大巫師！ | URL: https://twmanga.com/comic/chapter/woduzishengji-duburedicestudio_yfelsj/0_71.html
Index: 073 | Title: 第72話 君王的召喚 | URL: https://twmanga.com/comic/chapter/woduzishengji-duburedicestudio_yfelsj/0_72.html
Index: 074 | Title: 第73話 君王領域 | URL: https://twmanga.com/comic/chapter/woduzishengji-duburedicestudio_yfelsj/0_73.html
Index: 075 | Title: 第74話 巫師之歌 | URL: https://twmanga.com/comic/chapter/woduzishengji-duburedicestudio_yfelsj/0_74.html
Index: 076 | Title: 第75話 巫師“尖牙” | URL: https://twmanga.com/comic/chapter/woduzishengji-duburedicestudio_yfelsj/0_75.html
Index: 077 | Title: 第76話 明星獵人 | URL: https://twmanga.com/comic/chapter/woduzishengji-duburedicestudio_yfelsj/0_76.html
Index: 078 | Title: 第77話 S級獵人證 | URL: https://twmanga.com/comic/chapter/woduzishengji-duburedicestudio_yfelsj/0_77.html
Index: 079 | Title: 第78話 成長型獵人 | URL: https://twmanga.com/comic/chapter/woduzishengji-duburedicestudio_yfelsj/0_78.html
Index: 080 | Title: 第79話 記者的騷擾 | URL: https://twmanga.com/comic/chapter/woduzishengji-duburedicestudio_yfelsj/0_79.html
Index: 081 | Title: 第80話 上岸的螞蟻 | URL: https://twmanga.com/comic/chapter/woduzishengji-duburedicestudio_yfelsj/0_80.html
Index: 082 | Title: 第81話 惡魔貴族 | URL: https://twmanga.com/comic/chapter/woduzishengji-duburedicestudio_yfelsj/0_81.html
Index: 083 | Title: 第82話 惡魔女艾西爾 | URL: https://twmanga.com/comic/chapter/woduzishengji-duburedicestudio_yfelsj/0_82.html
Index: 084 | Title: 第83話 借用惡魔女 | URL: https://twmanga.com/comic/chapter/woduzishengji-duburedicestudio_yfelsj/0_83.html
Index: 085 | Title: 第84話 影子升級！ | URL: https://twmanga.com/comic/chapter/woduzishengji-duburedicestudio_yfelsj/0_84.html
Index: 086 | Title: 第85話 惡魔王巴蘭 | URL: https://twmanga.com/comic/chapter/woduzishengji-duburedicestudio_yfelsj/0_85.html
Index: 087 | Title: 第86話 地獄軍 | URL: https://twmanga.com/comic/chapter/woduzishengji-duburedicestudio_yfelsj/0_86.html
Index: 088 | Title: 第87話 我與惡魔王 | URL: https://twmanga.com/comic/chapter/woduzishengji-duburedicestudio_yfelsj/0_87.html
Index: 089 | Title: 第88話 影子互換 | URL: https://twmanga.com/comic/chapter/woduzishengji-duburedicestudio_yfelsj/0_88.html
Index: 090 | Title: 第89話 復甦的季節 | URL: https://twmanga.com/comic/chapter/woduzishengji-duburedicestudio_yfelsj/0_89.html
Index: 091 | Title: 第90話 S級聚首 | URL: https://twmanga.com/comic/chapter/woduzishengji-duburedicestudio_yfelsj/0_90.html
Index: 092 | Title: 第91話 S級，對練！ | URL: https://twmanga.com/comic/chapter/woduzishengji-duburedicestudio_yfelsj/0_91.html
Index: 093 | Title: 第92話 失控的獵人 | URL: https://twmanga.com/comic/chapter/woduzishengji-duburedicestudio_yfelsj/0_92.html
Index: 094 | Title: 第93話 一戰成名 | URL: https://twmanga.com/comic/chapter/woduzishengji-duburedicestudio_yfelsj/0_93.html
Index: 095 | Title: 第94話 進化的螞蟻 | URL: https://twmanga.com/comic/chapter/woduzishengji-duburedicestudio_yfelsj/0_94.html
Index: 096 | Title: 第95話 除蟻行動 | URL: https://twmanga.com/comic/chapter/woduzishengji-duburedicestudio_yfelsj/0_95.html
Index: 097 | Title: 第96話 螞蟻怪物 | URL: https://twmanga.com/comic/chapter/woduzishengji-duburedicestudio_yfelsj/0_96.html
Index: 098 | Title: 第97話 獵人怪物 | URL: https://twmanga.com/comic/chapter/woduzishengji-duburedicestudio_yfelsj/0_97.html
Index: 099 | Title: 第98話 它比蟻后更強大！ | URL: https://twmanga.com/comic/chapter/woduzishengji-duburedicestudio_yfelsj/0_98.html
Index: 100 | Title: 第99話 邪惡螞蟻 | URL: https://twmanga.com/comic/chapter/woduzishengji-duburedicestudio_yfelsj/0_99.html
Index: 101 | Title: 第100話 我是王 | URL: https://twmanga.com/comic/chapter/woduzishengji-duburedicestudio_yfelsj/0_100.html
Index: 102 | Title: 第101話 王與王 | URL: https://twmanga.com/comic/chapter/woduzishengji-duburedicestudio_yfelsj/0_101.html
Index: 103 | Title: 第102話 螞蟻心態崩了 | URL: https://twmanga.com/comic/chapter/woduzishengji-duburedicestudio_yfelsj/0_102.html
Index: 104 | Title: 第103話 不知所措小螞蟻 | URL: https://twmanga.com/comic/chapter/woduzishengji-duburedicestudio_yfelsj/0_103.html
Index: 105 | Title: 第104話 巔峰 | URL: https://twmanga.com/comic/chapter/woduzishengji-duburedicestudio_yfelsj/0_104.html
Index: 106 | Title: 第105話 提取，解除 | URL: https://twmanga.com/comic/chapter/woduzishengji-duburedicestudio_yfelsj/0_105.html
Index: 107 | Title: 第106話 貝爾 | URL: https://twmanga.com/comic/chapter/woduzishengji-duburedicestudio_yfelsj/0_106.html
Index: 108 | Title: 第107話 狩獵計劃 | URL: https://twmanga.com/comic/chapter/woduzishengji-duburedicestudio_yfelsj/0_107.html
Index: 109 | Title: 第108話 升級者 | URL: https://twmanga.com/comic/chapter/woduzishengji-duburedicestudio_yfelsj/0_108.html
Index: 110 | Title: 第109話 極限 | URL: https://twmanga.com/comic/chapter/woduzishengji-duburedicestudio_yfelsj/0_109.html
Index: 111 | Title: 第110話 我將繼續前行 | URL: https://twmanga.com/comic/chapter/woduzishengji-duburedicestudio_yfelsj/0_110.html
Index: 112 | Title: 序章 吾王之勢，氣吞山海 | URL: https://twmanga.com/comic/chapter/woduzishengji-duburedicestudio_yfelsj/0_111.html
Index: 113 | Title: 第111話 重啓 | URL: https://twmanga.com/comic/chapter/woduzishengji-duburedicestudio_yfelsj/0_112.html
Index: 114 | Title: 第112話 單身漢公會 | URL: https://twmanga.com/comic/chapter/woduzishengji-duburedicestudio_yfelsj/0_113.html
Index: 115 | Title: 第113話 入會測試 | URL: https://twmanga.com/comic/chapter/woduzishengji-duburedicestudio_yfelsj/0_114.html
Index: 116 | Title: 第114話 失控的螞蟻 | URL: https://twmanga.com/comic/chapter/woduzishengji-duburedicestudio_yfelsj/0_115.html
Index: 117 | Title: 第115話 力量來源 | URL: https://twmanga.com/comic/chapter/woduzishengji-duburedicestudio_yfelsj/0_116.html
Index: 118 | Title: 第116話 異常 | URL: https://twmanga.com/comic/chapter/woduzishengji-duburedicestudio_yfelsj/0_117.html
Index: 119 | Title: 第117話 入侵 | URL: https://twmanga.com/comic/chapter/woduzishengji-duburedicestudio_yfelsj/0_118.html
Index: 120 | Title: 第118話 全速！ | URL: https://twmanga.com/comic/chapter/woduzishengji-duburedicestudio_yfelsj/0_119.html
Index: 121 | Title: 第119話 恐懼之物 | URL: https://twmanga.com/comic/chapter/woduzishengji-duburedicestudio_yfelsj/0_120.html
Index: 122 | Title: 第120話 王的選擇 | URL: https://twmanga.com/comic/chapter/woduzishengji-duburedicestudio_yfelsj/0_121.html
Index: 123 | Title: 第121話 誤會 | URL: https://twmanga.com/comic/chapter/woduzishengji-duburedicestudio_yfelsj/0_122.html
Index: 124 | Title: 第122話 一人成軍 | URL: https://twmanga.com/comic/chapter/woduzishengji-duburedicestudio_yfelsj/0_123.html
Index: 125 | Title: 第123話 共享翻車 | URL: https://twmanga.com/comic/chapter/woduzishengji-duburedicestudio_yfelsj/0_124.html
Index: 126 | Title: 第124話 再戰神廟 | URL: https://twmanga.com/comic/chapter/woduzishengji-duburedicestudio_yfelsj/0_125.html
Index: 127 | Title: 第125話 我是誰 | URL: https://twmanga.com/comic/chapter/woduzishengji-duburedicestudio_yfelsj/0_126.html
Index: 128 | Title: 第126話 設計者 | URL: https://twmanga.com/comic/chapter/woduzishengji-duburedicestudio_yfelsj/0_127.html
Index: 129 | Title: 第127話 養成系統 | URL: https://twmanga.com/comic/chapter/woduzishengji-duburedicestudio_yfelsj/0_128.html
Index: 130 | Title: 第128話 記憶數據 | URL: https://twmanga.com/comic/chapter/woduzishengji-duburedicestudio_yfelsj/0_129.html
Index: 131 | Title: 第129話 視角 | URL: https://twmanga.com/comic/chapter/woduzishengji-duburedicestudio_yfelsj/0_130.html
Index: 132 | Title: 第130話 黑色心臟 | URL: https://twmanga.com/comic/chapter/woduzishengji-duburedicestudio_yfelsj/0_131.html
Index: 133 | Title: 第131話 巨人之威 | URL: https://twmanga.com/comic/chapter/woduzishengji-duburedicestudio_yfelsj/0_132.html
Index: 134 | Title: 第132話 選擇（1） | URL: https://twmanga.com/comic/chapter/woduzishengji-duburedicestudio_yfelsj/0_133.html
Index: 135 | Title: 第133話 選擇（2） | URL: https://twmanga.com/comic/chapter/woduzishengji-duburedicestudio_yfelsj/0_134.html
Index: 136 | Title: 第134話 討伐巨人 | URL: https://twmanga.com/comic/chapter/woduzishengji-duburedicestudio_yfelsj/0_135.html
Index: 137 | Title: 第135話 全軍 | URL: https://twmanga.com/comic/chapter/woduzishengji-duburedicestudio_yfelsj/0_136.html
Index: 138 | Title: 第136話 伺機而動 | URL: https://twmanga.com/comic/chapter/woduzishengji-duburedicestudio_yfelsj/0_137.html
Index: 139 | Title: 第137話 被封印的君王 | URL: https://twmanga.com/comic/chapter/woduzishengji-duburedicestudio_yfelsj/0_138.html
Index: 140 | Title: 第138話 災難 | URL: https://twmanga.com/comic/chapter/woduzishengji-duburedicestudio_yfelsj/0_139.html
Index: 141 | Title: 第139話 誰站在人類一方 | URL: https://twmanga.com/comic/chapter/woduzishengji-duburedicestudio_yfelsj/0_140.html
Index: 142 | Title: 第140話 父親的消息 | URL: https://twmanga.com/comic/chapter/woduzishengji-duburedicestudio_yfelsj/0_141.html
Index: 143 | Title: 第141話 全球會議 | URL: https://twmanga.com/comic/chapter/woduzishengji-duburedicestudio_yfelsj/0_142.html
Index: 144 | Title: 第142話 屍體的價值 | URL: https://twmanga.com/comic/chapter/woduzishengji-duburedicestudio_yfelsj/0_143.html
Index: 145 | Title: 第143話 失蹤的晨浩 | URL: https://twmanga.com/comic/chapter/woduzishengji-duburedicestudio_yfelsj/0_144.html
Index: 146 | Title: 第144話 君王的怒火 | URL: https://twmanga.com/comic/chapter/woduzishengji-duburedicestudio_yfelsj/0_145.html
Index: 147 | Title: 第145話 不可遏制的憤怒 | URL: https://twmanga.com/comic/chapter/woduzishengji-duburedicestudio_yfelsj/0_146.html
Index: 148 | Title: 第146話 較量 | URL: https://twmanga.com/comic/chapter/woduzishengji-duburedicestudio_yfelsj/0_147.html
Index: 149 | Title: 第147話  一拳接一拳 | URL: https://twmanga.com/comic/chapter/woduzishengji-duburedicestudio_yfelsj/0_148.html
Index: 150 | Title: 第148話 魔氣 | URL: https://twmanga.com/comic/chapter/woduzishengji-duburedicestudio_yfelsj/0_149.html
Index: 151 | Title: 第149話 獵殺名單 | URL: https://twmanga.com/comic/chapter/woduzishengji-duburedicestudio_yfelsj/0_150.html
Index: 152 | Title: 第150話 會長被刺 | URL: https://twmanga.com/comic/chapter/woduzishengji-duburedicestudio_yfelsj/0_151.html
Index: 153 | Title: 第151話 會長之死 | URL: https://twmanga.com/comic/chapter/woduzishengji-duburedicestudio_yfelsj/0_152.html
Index: 154 | Title: 第152話 狩獵暗影君王 | URL: https://twmanga.com/comic/chapter/woduzishengji-duburedicestudio_yfelsj/0_153.html
Index: 155 | Title: 第153話 卡米什的憤怒 | URL: https://twmanga.com/comic/chapter/woduzishengji-duburedicestudio_yfelsj/0_154.html
Index: 156 | Title: 第154話 終結還是開始 | URL: https://twmanga.com/comic/chapter/woduzishengji-duburedicestudio_yfelsj/0_155.html
Index: 157 | Title: 第155話 唯一的朋友 | URL: https://twmanga.com/comic/chapter/woduzishengji-duburedicestudio_yfelsj/0_156.html
Index: 158 | Title: 第156話 發瘋的野獸 | URL: https://twmanga.com/comic/chapter/woduzishengji-duburedicestudio_yfelsj/0_157.html
Index: 159 | Title: 第157話 飢餓的君王 | URL: https://twmanga.com/comic/chapter/woduzishengji-duburedicestudio_yfelsj/0_158.html
Index: 160 | Title: 第158話 四位君王 | URL: https://twmanga.com/comic/chapter/woduzishengji-duburedicestudio_yfelsj/0_159.html
Index: 161 | Title: 第159話 合圍 | URL: https://twmanga.com/comic/chapter/woduzishengji-duburedicestudio_yfelsj/0_160.html
Index: 162 | Title: 同名小說爆更完結！ | URL: https://twmanga.com/comic/chapter/woduzishengji-duburedicestudio_yfelsj/0_161.html
Index: 163 | Title: 第160話 落幕 | URL: https://twmanga.com/comic/chapter/woduzishengji-duburedicestudio_yfelsj/0_162.html
Index: 164 | Title: 第161話 是否重啓世界 | URL: https://twmanga.com/comic/chapter/woduzishengji-duburedicestudio_yfelsj/0_163.html
Index: 165 | Title: 第162話 開始和結束 | URL: https://twmanga.com/comic/chapter/woduzishengji-duburedicestudio_yfelsj/0_164.html
Index: 166 | Title: 第163話 我就是你 | URL: https://twmanga.com/comic/chapter/woduzishengji-duburedicestudio_yfelsj/0_165.html
Index: 167 | Title: 第164話 復活 | URL: https://twmanga.com/comic/chapter/woduzishengji-duburedicestudio_yfelsj/0_166.html
Index: 168 | Title: 第165話 王的警告 | URL: https://twmanga.com/comic/chapter/woduzishengji-duburedicestudio_yfelsj/0_167.html
Index: 169 | Title: 第166話 戰爭的序幕 | URL: https://twmanga.com/comic/chapter/woduzishengji-duburedicestudio_yfelsj/0_168.html
Index: 170 | Title: 第167話 真正的戰爭 | URL: https://twmanga.com/comic/chapter/woduzishengji-duburedicestudio_yfelsj/0_169.html
Index: 171 | Title: 第168話 戰爭的真相 | URL: https://twmanga.com/comic/chapter/woduzishengji-duburedicestudio_yfelsj/0_170.html
Index: 172 | Title: 第169話 龍帝 | URL: https://twmanga.com/comic/chapter/woduzishengji-duburedicestudio_yfelsj/0_171.html
Index: 173 | Title: 第170話 宣戰 | URL: https://twmanga.com/comic/chapter/woduzishengji-duburedicestudio_yfelsj/0_172.html
Index: 174 | Title: 第171話 從這裡開始 | URL: https://twmanga.com/comic/chapter/woduzishengji-duburedicestudio_yfelsj/0_173.html
Index: 175 | Title: 第172話 反擊 | URL: https://twmanga.com/comic/chapter/woduzishengji-duburedicestudio_yfelsj/0_174.html
Index: 176 | Title: 第173話 龍懼 | URL: https://twmanga.com/comic/chapter/woduzishengji-duburedicestudio_yfelsj/0_175.html
Index: 177 | Title: 第174話 對峙 | URL: https://twmanga.com/comic/chapter/woduzishengji-duburedicestudio_yfelsj/0_176.html
Index: 178 | Title: 第175話 靈體化 | URL: https://twmanga.com/comic/chapter/woduzishengji-duburedicestudio_yfelsj/0_177.html
Index: 179 | Title: 第176話 你的結局 | URL: https://twmanga.com/comic/chapter/woduzishengji-duburedicestudio_yfelsj/0_178.html
Index: 180 | Title: 第177話 請求 | URL: https://twmanga.com/comic/chapter/woduzishengji-duburedicestudio_yfelsj/0_179.html
Index: 181 | Title: 第178話 虛無世界27年 | URL: https://twmanga.com/comic/chapter/woduzishengji-duburedicestudio_yfelsj/0_180.html
Index: 182 | Title: 完結篇 留下來的理由 | URL: https://twmanga.com/comic/chapter/woduzishengji-duburedicestudio_yfelsj/0_181.html
Index: 183 | Title: 《與神一同升級》即將上線！ | URL: https://twmanga.com/comic/chapter/woduzishengji-duburedicestudio_yfelsj/0_182.html
